[debug] [2024-12-18T12:07:28.085Z] ----------------------------------------------------------------------
[debug] [2024-12-18T12:07:28.086Z] Command:       /home/z/.local/share/fnm/node-versions/v22.11.0/installation/bin/node /home/z/.bun/bin/firebase projects:create glg-2024-12-18T12-07-27-175Z
[debug] [2024-12-18T12:07:28.087Z] CLI Version:   13.28.0
[debug] [2024-12-18T12:07:28.087Z] Platform:      linux
[debug] [2024-12-18T12:07:28.087Z] Node Version:  v22.11.0
[debug] [2024-12-18T12:07:28.087Z] Time:          Wed Dec 18 2024 20:07:28 GMT+0800 (Singapore Standard Time)
[debug] [2024-12-18T12:07:28.087Z] ----------------------------------------------------------------------
[debug] 
[debug] [2024-12-18T12:07:28.091Z] > command requires scopes: ["email","openid","https://www.googleapis.com/auth/cloudplatformprojects.readonly","https://www.googleapis.com/auth/firebase","https://www.googleapis.com/auth/cloud-platform"]
[debug] [2024-12-18T12:07:28.091Z] > authorizing via signed-in user (herwidget@gmail.com)
[debug] [2024-12-18T12:07:29.507Z] Checked if tokens are valid: true, expires at: 1734525689967
[debug] [2024-12-18T12:07:29.507Z] Checked if tokens are valid: true, expires at: 1734525689967
[debug] [2024-12-18T12:07:29.508Z] >>> [apiv2][query] POST https://cloudresourcemanager.googleapis.com/v1/projects [none]
[debug] [2024-12-18T12:07:29.508Z] >>> [apiv2][body] POST https://cloudresourcemanager.googleapis.com/v1/projects {"projectId":"glg-2024-12-18T12-07-27-175Z","name":"glg-2024-12-18T12-07-27-175Z"}
[debug] [2024-12-18T12:07:32.965Z] <<< [apiv2][status] POST https://cloudresourcemanager.googleapis.com/v1/projects 400
[debug] [2024-12-18T12:07:32.965Z] <<< [apiv2][body] POST https://cloudresourcemanager.googleapis.com/v1/projects {"error":{"code":400,"message":"field [project_id] has issue [project_id contains invalid characters]","status":"INVALID_ARGUMENT","details":[{"@type":"type.googleapis.com/google.rpc.BadRequest","fieldViolations":[{"field":"project_id","description":"project_id contains invalid characters"}]},{"@type":"type.googleapis.com/google.rpc.Help","links":[{"url":"https://cloud.google.com/resource-manager/reference/rest/v1/projects"}]}]}}
[debug] [2024-12-18T12:07:33.219Z] FirebaseError: Request to https://cloudresourcemanager.googleapis.com/v1/projects had HTTP Error: 400, field [project_id] has issue [project_id contains invalid characters]
    at responseToError (/home/z/.bun/install/global/node_modules/firebase-tools/lib/responseToError.js:52:12)
    at RetryOperation._fn (/home/z/.bun/install/global/node_modules/firebase-tools/lib/apiv2.js:312:77)
    at process.processTicksAndRejections (node:internal/process/task_queues:105:5)
[error] 
[error] Error: Failed to create project. See firebase-debug.log for more info.
